<?xml version="1.0" encoding="UTF-8"?>
<!-- Generated by org.testng.reporters.JUnitReportReporter -->
<testsuite hostname="AnkitPC" failures="0" tests="3" name="com.ank.flightreservationtest.ReservationTest" time="5.240" errors="0" timestamp="2025-07-13T18:29:24 IST" skipped="0">
  <testcase classname="com.ank.flightreservationtest.ReservationTest" name="flightsearchTest" time="2.244"/>
  <testcase classname="com.ank.flightreservationtest.ReservationTest" name="ragistrationconfirmationTest" time="1.664"/>
  <testcase classname="com.ank.flightreservationtest.ReservationTest" name="userRegistrationTest" time="1.332"/>
</testsuite> <!-- com.ank.flightreservationtest.ReservationTest -->
